# JRE version: Java(TM) SE Runtime Environment (17.0.12+8) (build 17.0.12+8-LTS-286)
# Java VM: Java HotSpot(TM) 64-Bit Server VM (17.0.12+8-LTS-286, mixed mode, sharing, tiered, compressed oops, compressed class ptrs, g1 gc, windows-amd64)
GC Precious Log:
 CPUs: 12 total, 12 available
 Memory: 7863M
 Large Page Support: Disabled
 NUMA Support: Disabled
 Compressed Oops: Enabled (Zero based)
 Heap Region Size: 2M
 Heap Min Capacity: 8M
 Heap Initial Capacity: 124M
 Heap Max Capacity: 4G
 Pre-touch: Disabled
 Parallel Workers: 10
 Concurrent Workers: 3
 Concurrent Refinement Workers: 10
 Periodic GC: Disabled
Heap:
 garbage-first heap   total 307200K, used 221029K [0x0000000700000000, 0x0000000800000000)
  region size 2048K, 37 young (75776K), 3 survivors (6144K)
 Metaspace       used 106448K, committed 108096K, reserved 557056K
  class space    used 14931K, committed 15680K, reserved 425984K
GC Heap History (20 events):
Event: 12.526 GC heap before
{Heap before GC invocations=34 (full 0):
 garbage-first heap   total 151552K, used 118121K [0x0000000700000000, 0x0000000800000000)
  region size 2048K, 21 young (43008K), 1 survivors (2048K)
 Metaspace       used 71623K, committed 72704K, reserved 491520K
  class space    used 10313K, committed 10816K, reserved 425984K
}
Event: 12.529 GC heap after
{Heap after GC invocations=35 (full 0):
 garbage-first heap   total 151552K, used 81014K [0x0000000700000000, 0x0000000800000000)
  region size 2048K, 2 young (4096K), 2 survivors (4096K)
 Metaspace       used 71623K, committed 72704K, reserved 491520K
  class space    used 10313K, committed 10816K, reserved 425984K
}
Event: 12.741 GC heap before
{Heap before GC invocations=36 (full 0):
 garbage-first heap   total 157696K, used 117878K [0x0000000700000000, 0x0000000800000000)
  region size 2048K, 21 young (43008K), 2 survivors (4096K)
 Metaspace       used 71646K, committed 72704K, reserved 491520K
  class space    used 10314K, committed 10816K, reserved 425984K
}
Event: 12.745 GC heap after
{Heap after GC invocations=37 (full 0):
 garbage-first heap   total 157696K, used 82174K [0x0000000700000000, 0x0000000800000000)
  region size 2048K, 2 young (4096K), 2 survivors (4096K)
 Metaspace       used 71646K, committed 72704K, reserved 491520K
  class space    used 10314K, committed 10816K, reserved 425984K
}
Event: 12.767 GC heap before
{Heap before GC invocations=37 (full 0):
 garbage-first heap   total 157696K, used 82174K [0x0000000700000000, 0x0000000800000000)
  region size 2048K, 3 young (6144K), 2 survivors (4096K)
 Metaspace       used 71646K, committed 72704K, reserved 491520K
  class space    used 10314K, committed 10816K, reserved 425984K
}
Event: 12.771 GC heap after
{Heap after GC invocations=38 (full 0):
 garbage-first heap   total 307200K, used 82223K [0x0000000700000000, 0x0000000800000000)
  region size 2048K, 1 young (2048K), 1 survivors (2048K)
 Metaspace       used 71646K, committed 72704K, reserved 491520K
  class space    used 10314K, committed 10816K, reserved 425984K
}
Event: 14.641 GC heap before
{Heap before GC invocations=38 (full 0):
 garbage-first heap   total 307200K, used 244015K [0x0000000700000000, 0x0000000800000000)
  region size 2048K, 81 young (165888K), 1 survivors (2048K)
 Metaspace       used 81743K, committed 82816K, reserved 557056K
  class space    used 11524K, committed 12032K, reserved 425984K
}
Event: 14.647 GC heap after
{Heap after GC invocations=39 (full 0):
 garbage-first heap   total 307200K, used 101667K [0x0000000700000000, 0x0000000800000000)
  region size 2048K, 11 young (22528K), 11 survivors (22528K)
 Metaspace       used 81743K, committed 82816K, reserved 557056K
  class space    used 11524K, committed 12032K, reserved 425984K
}
Event: 16.141 GC heap before
{Heap before GC invocations=39 (full 0):
 garbage-first heap   total 307200K, used 240931K [0x0000000700000000, 0x0000000800000000)
  region size 2048K, 77 young (157696K), 11 survivors (22528K)
 Metaspace       used 89121K, committed 90304K, reserved 557056K
  class space    used 12520K, committed 13056K, reserved 425984K
}
Event: 16.151 GC heap after
{Heap after GC invocations=40 (full 0):
 garbage-first heap   total 307200K, used 114334K [0x0000000700000000, 0x0000000800000000)
  region size 2048K, 5 young (10240K), 5 survivors (10240K)
 Metaspace       used 89121K, committed 90304K, reserved 557056K
  class space    used 12520K, committed 13056K, reserved 425984K
}
Event: 17.548 GC heap before
{Heap before GC invocations=40 (full 0):
 garbage-first heap   total 307200K, used 241310K [0x0000000700000000, 0x0000000800000000)
  region size 2048K, 68 young (139264K), 5 survivors (10240K)
 Metaspace       used 96780K, committed 97920K, reserved 557056K
  class space    used 13696K, committed 14208K, reserved 425984K
}
Event: 17.556 GC heap after
{Heap after GC invocations=41 (full 0):
 garbage-first heap   total 307200K, used 118364K [0x0000000700000000, 0x0000000800000000)
  region size 2048K, 7 young (14336K), 7 survivors (14336K)
 Metaspace       used 96780K, committed 97920K, reserved 557056K
  class space    used 13696K, committed 14208K, reserved 425984K
}
Event: 19.054 GC heap before
{Heap before GC invocations=41 (full 0):
 garbage-first heap   total 307200K, used 247388K [0x0000000700000000, 0x0000000800000000)
  region size 2048K, 70 young (143360K), 7 survivors (14336K)
 Metaspace       used 101246K, committed 102592K, reserved 557056K
  class space    used 14279K, committed 14912K, reserved 425984K
}
Event: 19.064 GC heap after
{Heap after GC invocations=42 (full 0):
 garbage-first heap   total 307200K, used 128908K [0x0000000700000000, 0x0000000800000000)
  region size 2048K, 8 young (16384K), 8 survivors (16384K)
 Metaspace       used 101246K, committed 102592K, reserved 557056K
  class space    used 14279K, committed 14912K, reserved 425984K
}
Event: 20.126 GC heap before
{Heap before GC invocations=42 (full 0):
 garbage-first heap   total 307200K, used 247692K [0x0000000700000000, 0x0000000800000000)
  region size 2048K, 67 young (137216K), 8 survivors (16384K)
 Metaspace       used 103303K, committed 104640K, reserved 557056K
  class space    used 14595K, committed 15232K, reserved 425984K
}
Event: 20.138 GC heap after
{Heap after GC invocations=43 (full 0):
 garbage-first heap   total 307200K, used 138804K [0x0000000700000000, 0x0000000800000000)
  region size 2048K, 7 young (14336K), 7 survivors (14336K)
 Metaspace       used 103303K, committed 104640K, reserved 557056K
  class space    used 14595K, committed 15232K, reserved 425984K
}
Event: 21.384 GC heap before
{Heap before GC invocations=43 (full 0):
 garbage-first heap   total 307200K, used 251444K [0x0000000700000000, 0x0000000800000000)
  region size 2048K, 60 young (122880K), 7 survivors (14336K)
 Metaspace       used 106018K, committed 107584K, reserved 557056K
  class space    used 14868K, committed 15616K, reserved 425984K
}
Event: 21.395 GC heap after
{Heap after GC invocations=44 (full 0):
 garbage-first heap   total 307200K, used 152514K [0x0000000700000000, 0x0000000800000000)
  region size 2048K, 8 young (16384K), 8 survivors (16384K)
 Metaspace       used 106018K, committed 107584K, reserved 557056K
  class space    used 14868K, committed 15616K, reserved 425984K
}
Event: 21.736 GC heap before
{Heap before GC invocations=44 (full 0):
 garbage-first heap   total 307200K, used 242626K [0x0000000700000000, 0x0000000800000000)
  region size 2048K, 53 young (108544K), 8 survivors (16384K)
 Metaspace       used 106024K, committed 107584K, reserved 557056K
  class space    used 14869K, committed 15616K, reserved 425984K
}
Event: 21.745 GC heap after
{Heap after GC invocations=45 (full 0):
 garbage-first heap   total 307200K, used 155493K [0x0000000700000000, 0x0000000800000000)
  region size 2048K, 3 young (6144K), 3 survivors (6144K)
 Metaspace       used 106024K, committed 107584K, reserved 557056K
  class space    used 14869K, committed 15616K, reserved 425984K
}

