# JRE version: Java(TM) SE Runtime Environment (17.0.12+8) (build 17.0.12+8-LTS-286)
# Java VM: Java HotSpot(TM) 64-Bit Server VM (17.0.12+8-LTS-286, mixed mode, sharing, tiered, compressed oops, compressed class ptrs, g1 gc, windows-amd64)
GC Precious Log:
 CPUs: 12 total, 12 available
 Memory: 7863M
 Large Page Support: Disabled
 NUMA Support: Disabled
 Compressed Oops: Enabled (32-bit)
 Heap Region Size: 1M
 Heap Min Capacity: 8M
 Heap Initial Capacity: 124M
 Heap Max Capacity: 2G
 Pre-touch: Disabled
 Parallel Workers: 10
 Concurrent Workers: 3
 Concurrent Refinement Workers: 10
 Periodic GC: Disabled
Heap:
 garbage-first heap   total 86016K, used 42155K [0x0000000080000000, 0x0000000100000000)
  region size 1024K, 4 young (4096K), 1 survivors (1024K)
 Metaspace       used 50566K, committed 51264K, reserved 491520K
  class space    used 7288K, committed 7616K, reserved 425984K
GC Heap History (20 events):
Event: 3.137 GC heap after
{Heap after GC invocations=4 (full 0):
 garbage-first heap   total 126976K, used 21355K [0x0000000080000000, 0x0000000100000000)
  region size 1024K, 10 young (10240K), 10 survivors (10240K)
 Metaspace       used 16777K, committed 17088K, reserved 491520K
  class space    used 2358K, committed 2496K, reserved 425984K
}
Event: 3.682 GC heap before
{Heap before GC invocations=4 (full 0):
 garbage-first heap   total 126976K, used 53099K [0x0000000080000000, 0x0000000100000000)
  region size 1024K, 41 young (41984K), 10 survivors (10240K)
 Metaspace       used 21173K, committed 21504K, reserved 491520K
  class space    used 2943K, committed 3136K, reserved 425984K
}
Event: 3.688 GC heap after
{Heap after GC invocations=5 (full 0):
 garbage-first heap   total 126976K, used 23162K [0x0000000080000000, 0x0000000100000000)
  region size 1024K, 3 young (3072K), 3 survivors (3072K)
 Metaspace       used 21173K, committed 21504K, reserved 491520K
  class space    used 2943K, committed 3136K, reserved 425984K
}
Event: 4.492 GC heap before
{Heap before GC invocations=6 (full 0):
 garbage-first heap   total 86016K, used 71290K [0x0000000080000000, 0x0000000100000000)
  region size 1024K, 50 young (51200K), 3 survivors (3072K)
 Metaspace       used 26710K, committed 27072K, reserved 491520K
  class space    used 3813K, committed 3968K, reserved 425984K
}
Event: 4.495 GC heap after
{Heap after GC invocations=7 (full 0):
 garbage-first heap   total 86016K, used 24744K [0x0000000080000000, 0x0000000100000000)
  region size 1024K, 4 young (4096K), 4 survivors (4096K)
 Metaspace       used 26710K, committed 27072K, reserved 491520K
  class space    used 3813K, committed 3968K, reserved 425984K
}
Event: 5.022 GC heap before
{Heap before GC invocations=7 (full 0):
 garbage-first heap   total 86016K, used 63656K [0x0000000080000000, 0x0000000100000000)
  region size 1024K, 43 young (44032K), 4 survivors (4096K)
 Metaspace       used 32839K, committed 33216K, reserved 491520K
  class space    used 4594K, committed 4736K, reserved 425984K
}
Event: 5.025 GC heap after
{Heap after GC invocations=8 (full 0):
 garbage-first heap   total 86016K, used 28065K [0x0000000080000000, 0x0000000100000000)
  region size 1024K, 6 young (6144K), 6 survivors (6144K)
 Metaspace       used 32839K, committed 33216K, reserved 491520K
  class space    used 4594K, committed 4736K, reserved 425984K
}
Event: 5.548 GC heap before
{Heap before GC invocations=8 (full 0):
 garbage-first heap   total 86016K, used 52641K [0x0000000080000000, 0x0000000100000000)
  region size 1024K, 31 young (31744K), 6 survivors (6144K)
 Metaspace       used 35461K, committed 35968K, reserved 491520K
  class space    used 5011K, committed 5248K, reserved 425984K
}
Event: 5.552 GC heap after
{Heap after GC invocations=9 (full 0):
 garbage-first heap   total 86016K, used 30289K [0x0000000080000000, 0x0000000100000000)
  region size 1024K, 3 young (3072K), 3 survivors (3072K)
 Metaspace       used 35461K, committed 35968K, reserved 491520K
  class space    used 5011K, committed 5248K, reserved 425984K
}
Event: 5.748 GC heap before
{Heap before GC invocations=10 (full 0):
 garbage-first heap   total 86016K, used 65105K [0x0000000080000000, 0x0000000100000000)
  region size 1024K, 37 young (37888K), 3 survivors (3072K)
 Metaspace       used 36163K, committed 36800K, reserved 491520K
  class space    used 5124K, committed 5440K, reserved 425984K
}
Event: 5.750 GC heap after
{Heap after GC invocations=11 (full 0):
 garbage-first heap   total 86016K, used 30691K [0x0000000080000000, 0x0000000100000000)
  region size 1024K, 3 young (3072K), 3 survivors (3072K)
 Metaspace       used 36163K, committed 36800K, reserved 491520K
  class space    used 5124K, committed 5440K, reserved 425984K
}
Event: 6.259 GC heap before
{Heap before GC invocations=11 (full 0):
 garbage-first heap   total 86016K, used 67555K [0x0000000080000000, 0x0000000100000000)
  region size 1024K, 39 young (39936K), 3 survivors (3072K)
 Metaspace       used 39655K, committed 40320K, reserved 491520K
  class space    used 5677K, committed 6016K, reserved 425984K
}
Event: 6.265 GC heap after
{Heap after GC invocations=12 (full 0):
 garbage-first heap   total 86016K, used 32836K [0x0000000080000000, 0x0000000100000000)
  region size 1024K, 3 young (3072K), 3 survivors (3072K)
 Metaspace       used 39655K, committed 40320K, reserved 491520K
  class space    used 5677K, committed 6016K, reserved 425984K
}
Event: 6.624 GC heap before
{Heap before GC invocations=12 (full 0):
 garbage-first heap   total 86016K, used 67652K [0x0000000080000000, 0x0000000100000000)
  region size 1024K, 37 young (37888K), 3 survivors (3072K)
 Metaspace       used 42985K, committed 43712K, reserved 491520K
  class space    used 6207K, committed 6528K, reserved 425984K
}
Event: 6.628 GC heap after
{Heap after GC invocations=13 (full 0):
 garbage-first heap   total 86016K, used 35207K [0x0000000080000000, 0x0000000100000000)
  region size 1024K, 5 young (5120K), 5 survivors (5120K)
 Metaspace       used 42985K, committed 43712K, reserved 491520K
  class space    used 6207K, committed 6528K, reserved 425984K
}
Event: 6.919 GC heap before
{Heap before GC invocations=13 (full 0):
 garbage-first heap   total 86016K, used 67975K [0x0000000080000000, 0x0000000100000000)
  region size 1024K, 37 young (37888K), 5 survivors (5120K)
 Metaspace       used 47097K, committed 47744K, reserved 491520K
  class space    used 6768K, committed 7040K, reserved 425984K
}
Event: 6.922 GC heap after
{Heap after GC invocations=14 (full 0):
 garbage-first heap   total 86016K, used 36902K [0x0000000080000000, 0x0000000100000000)
  region size 1024K, 2 young (2048K), 2 survivors (2048K)
 Metaspace       used 47097K, committed 47744K, reserved 491520K
  class space    used 6768K, committed 7040K, reserved 425984K
}
Event: 71.314 GC heap before
{Heap before GC invocations=14 (full 0):
 garbage-first heap   total 86016K, used 68646K [0x0000000080000000, 0x0000000100000000)
  region size 1024K, 33 young (33792K), 2 survivors (2048K)
 Metaspace       used 49484K, committed 50176K, reserved 491520K
  class space    used 7101K, committed 7424K, reserved 425984K
}
Event: 71.319 GC heap after
{Heap after GC invocations=15 (full 0):
 garbage-first heap   total 86016K, used 39208K [0x0000000080000000, 0x0000000100000000)
  region size 1024K, 5 young (5120K), 5 survivors (5120K)
 Metaspace       used 49484K, committed 50176K, reserved 491520K
  class space    used 7101K, committed 7424K, reserved 425984K
}
Event: 74.564 GC heap before
{Heap before GC invocations=15 (full 0):
 garbage-first heap   total 86016K, used 66856K [0x0000000080000000, 0x0000000100000000)
  region size 1024K, 33 young (33792K), 5 survivors (5120K)
 Metaspace       used 50328K, committed 51072K, reserved 491520K
  class space    used 7239K, committed 7616K, reserved 425984K
}

